2018-01-11 14:06:13.511 [main] INFO  org.springframework.context.annotation.AnnotationConfigApplicationContext [AbstractApplicationContext.java:583] - Refreshing org.springframework.context.annotation.AnnotationConfigApplicationContext@2a7f1f10: startup date [Thu Jan 11 14:06:13 CST 2018]; root of context hierarchy
2018-01-11 14:06:13.904 [background-preinit] INFO  org.hibernate.validator.internal.util.Version [Version.java:30] - HV000001: Hibernate Validator 5.3.5.Final
2018-01-11 14:06:13.904 [main] INFO  org.springframework.beans.factory.annotation.AutowiredAnnotationBeanPostProcessor [AutowiredAnnotationBeanPostProcessor.java:155] - JSR-330 'javax.inject.Inject' annotation found and supported for autowiring
2018-01-11 14:06:13.966 [main] INFO  org.springframework.context.support.PostProcessorRegistrationDelegate$BeanPostProcessorChecker [PostProcessorRegistrationDelegate.java:325] - Bean 'configurationPropertiesRebinderAutoConfiguration' of type [org.springframework.cloud.autoconfigure.ConfigurationPropertiesRebinderAutoConfiguration$$EnhancerBySpringCGLIB$$13246f23] is not eligible for getting processed by all BeanPostProcessors (for example: not eligible for auto-proxying)
2018-01-11 14:06:14.327 [main] INFO  org.springframework.cloud.config.client.ConfigServicePropertySourceLocator [ConfigServicePropertySourceLocator.java:82] - Fetching config from server at: http://localhost:8888
2018-01-11 14:06:15.409 [main] WARN  org.springframework.cloud.config.client.ConfigServicePropertySourceLocator [ConfigServicePropertySourceLocator.java:136] - Could not locate PropertySource: I/O error on GET request for "http://localhost:8888/application/default": Connection refused: connect; nested exception is java.net.ConnectException: Connection refused: connect
2018-01-11 14:06:15.409 [main] INFO  com.zgqb.loan.app.Application [SpringApplication.java:593] - No active profile set, falling back to default profiles: default
2018-01-11 14:06:15.440 [main] INFO  org.springframework.boot.context.embedded.AnnotationConfigEmbeddedWebApplicationContext [AbstractApplicationContext.java:583] - Refreshing org.springframework.boot.context.embedded.AnnotationConfigEmbeddedWebApplicationContext@119f1f2a: startup date [Thu Jan 11 14:06:15 CST 2018]; parent: org.springframework.context.annotation.AnnotationConfigApplicationContext@2a7f1f10
2018-01-11 14:06:16.871 [main] INFO  org.springframework.cloud.context.scope.GenericScope [GenericScope.java:263] - BeanFactory id=88b5fc73-d612-30e9-9564-e7c444796e5a
2018-01-11 14:06:16.903 [main] INFO  org.springframework.beans.factory.annotation.AutowiredAnnotationBeanPostProcessor [AutowiredAnnotationBeanPostProcessor.java:155] - JSR-330 'javax.inject.Inject' annotation found and supported for autowiring
2018-01-11 14:06:16.934 [main] INFO  org.springframework.context.support.PostProcessorRegistrationDelegate$BeanPostProcessorChecker [PostProcessorRegistrationDelegate.java:325] - Bean 'com.zgqb.loan.app.microService.ListService' of type [org.springframework.cloud.netflix.feign.FeignClientFactoryBean] is not eligible for getting processed by all BeanPostProcessors (for example: not eligible for auto-proxying)
2018-01-11 14:06:16.934 [main] INFO  org.springframework.context.support.PostProcessorRegistrationDelegate$BeanPostProcessorChecker [PostProcessorRegistrationDelegate.java:325] - Bean 'com.zgqb.loan.app.microService.LoanCoreService' of type [org.springframework.cloud.netflix.feign.FeignClientFactoryBean] is not eligible for getting processed by all BeanPostProcessors (for example: not eligible for auto-proxying)
2018-01-11 14:06:16.934 [main] INFO  org.springframework.context.support.PostProcessorRegistrationDelegate$BeanPostProcessorChecker [PostProcessorRegistrationDelegate.java:325] - Bean 'com.zgqb.loan.app.microService.LoanCoreTaskService' of type [org.springframework.cloud.netflix.feign.FeignClientFactoryBean] is not eligible for getting processed by all BeanPostProcessors (for example: not eligible for auto-proxying)
2018-01-11 14:06:16.934 [main] INFO  org.springframework.context.support.PostProcessorRegistrationDelegate$BeanPostProcessorChecker [PostProcessorRegistrationDelegate.java:325] - Bean 'com.zgqb.loan.app.microService.LoanThirdService' of type [org.springframework.cloud.netflix.feign.FeignClientFactoryBean] is not eligible for getting processed by all BeanPostProcessors (for example: not eligible for auto-proxying)
2018-01-11 14:06:16.996 [main] INFO  org.springframework.context.support.PostProcessorRegistrationDelegate$BeanPostProcessorChecker [PostProcessorRegistrationDelegate.java:325] - Bean 'org.springframework.amqp.rabbit.annotation.RabbitBootstrapConfiguration' of type [org.springframework.amqp.rabbit.annotation.RabbitBootstrapConfiguration$$EnhancerBySpringCGLIB$$bd762a54] is not eligible for getting processed by all BeanPostProcessors (for example: not eligible for auto-proxying)
2018-01-11 14:06:17.137 [main] INFO  org.springframework.context.support.PostProcessorRegistrationDelegate$BeanPostProcessorChecker [PostProcessorRegistrationDelegate.java:325] - Bean 'org.springframework.transaction.annotation.ProxyTransactionManagementConfiguration' of type [org.springframework.transaction.annotation.ProxyTransactionManagementConfiguration$$EnhancerBySpringCGLIB$$f70a6c26] is not eligible for getting processed by all BeanPostProcessors (for example: not eligible for auto-proxying)
2018-01-11 14:06:17.417 [main] INFO  org.springframework.context.support.PostProcessorRegistrationDelegate$BeanPostProcessorChecker [PostProcessorRegistrationDelegate.java:325] - Bean 'org.springframework.cloud.netflix.metrics.MetricsInterceptorConfiguration$MetricsRestTemplateConfiguration' of type [org.springframework.cloud.netflix.metrics.MetricsInterceptorConfiguration$MetricsRestTemplateConfiguration$$EnhancerBySpringCGLIB$$29371267] is not eligible for getting processed by all BeanPostProcessors (for example: not eligible for auto-proxying)
2018-01-11 14:06:17.449 [main] INFO  org.springframework.context.support.PostProcessorRegistrationDelegate$BeanPostProcessorChecker [PostProcessorRegistrationDelegate.java:325] - Bean 'org.springframework.cloud.autoconfigure.ConfigurationPropertiesRebinderAutoConfiguration' of type [org.springframework.cloud.autoconfigure.ConfigurationPropertiesRebinderAutoConfiguration$$EnhancerBySpringCGLIB$$13246f23] is not eligible for getting processed by all BeanPostProcessors (for example: not eligible for auto-proxying)
2018-01-11 14:06:17.967 [main] INFO  org.springframework.boot.context.embedded.tomcat.TomcatEmbeddedServletContainer [TomcatEmbeddedServletContainer.java:89] - Tomcat initialized with port(s): 8080 (http)
2018-01-11 14:06:17.983 [main] INFO  org.apache.catalina.core.StandardService [DirectJDKLog.java:179] - Starting service [Tomcat]
2018-01-11 14:06:17.983 [main] INFO  org.apache.catalina.core.StandardEngine [DirectJDKLog.java:179] - Starting Servlet Engine: Apache Tomcat/8.5.16
2018-01-11 14:06:18.215 [localhost-startStop-1] INFO  org.apache.catalina.core.ContainerBase.[Tomcat].[localhost].[/] [DirectJDKLog.java:179] - Initializing Spring embedded WebApplicationContext
2018-01-11 14:06:18.216 [localhost-startStop-1] INFO  org.springframework.web.context.ContextLoader [EmbeddedWebApplicationContext.java:276] - Root WebApplicationContext: initialization completed in 2776 ms
2018-01-11 14:06:18.697 [localhost-startStop-1] INFO  org.springframework.boot.web.servlet.ServletRegistrationBean [ServletRegistrationBean.java:190] - Mapping servlet: 'proxyStreamServlet' to [/proxy.stream]
2018-01-11 14:06:18.697 [localhost-startStop-1] INFO  org.springframework.boot.web.servlet.ServletRegistrationBean [ServletRegistrationBean.java:190] - Mapping servlet: 'dispatcherServlet' to [/]
2018-01-11 14:06:18.697 [localhost-startStop-1] INFO  org.springframework.boot.web.servlet.FilterRegistrationBean [AbstractFilterRegistrationBean.java:258] - Mapping filter: 'metricsFilter' to: [/*]
2018-01-11 14:06:18.697 [localhost-startStop-1] INFO  org.springframework.boot.web.servlet.FilterRegistrationBean [AbstractFilterRegistrationBean.java:258] - Mapping filter: 'characterEncodingFilter' to: [/*]
2018-01-11 14:06:18.697 [localhost-startStop-1] INFO  org.springframework.boot.web.servlet.FilterRegistrationBean [AbstractFilterRegistrationBean.java:258] - Mapping filter: 'hiddenHttpMethodFilter' to: [/*]
2018-01-11 14:06:18.697 [localhost-startStop-1] INFO  org.springframework.boot.web.servlet.FilterRegistrationBean [AbstractFilterRegistrationBean.java:258] - Mapping filter: 'httpPutFormContentFilter' to: [/*]
2018-01-11 14:06:18.697 [localhost-startStop-1] INFO  org.springframework.boot.web.servlet.FilterRegistrationBean [AbstractFilterRegistrationBean.java:258] - Mapping filter: 'requestContextFilter' to: [/*]
2018-01-11 14:06:18.697 [localhost-startStop-1] INFO  org.springframework.boot.web.servlet.FilterRegistrationBean [AbstractFilterRegistrationBean.java:258] - Mapping filter: 'webRequestLoggingFilter' to: [/*]
2018-01-11 14:06:18.697 [localhost-startStop-1] INFO  org.springframework.boot.web.servlet.FilterRegistrationBean [AbstractFilterRegistrationBean.java:258] - Mapping filter: 'applicationContextIdFilter' to: [/*]
2018-01-11 14:06:18.777 [main] WARN  org.springframework.boot.context.embedded.AnnotationConfigEmbeddedWebApplicationContext [AbstractApplicationContext.java:551] - Exception encountered during context initialization - cancelling refresh attempt: org.springframework.beans.factory.UnsatisfiedDependencyException: Error creating bean with name 'org.springframework.boot.autoconfigure.orm.jpa.HibernateJpaAutoConfiguration': Unsatisfied dependency expressed through constructor parameter 0; nested exception is org.springframework.beans.factory.BeanCreationException: Error creating bean with name 'dataSource' defined in class path resource [org/springframework/boot/autoconfigure/jdbc/DataSourceConfiguration$Tomcat.class]: Bean instantiation via factory method failed; nested exception is org.springframework.beans.BeanInstantiationException: Failed to instantiate [org.apache.tomcat.jdbc.pool.DataSource]: Factory method 'dataSource' threw exception; nested exception is org.springframework.boot.autoconfigure.jdbc.DataSourceProperties$DataSourceBeanCreationException: Cannot determine embedded database driver class for database type NONE. If you want an embedded database please put a supported one on the classpath. If you have database settings to be loaded from a particular profile you may need to active it (no profiles are currently active).
2018-01-11 14:06:18.777 [main] INFO  org.apache.catalina.core.StandardService [DirectJDKLog.java:179] - Stopping service [Tomcat]
2018-01-11 14:06:18.919 [main] INFO  org.springframework.boot.autoconfigure.logging.AutoConfigurationReportLoggingInitializer [AutoConfigurationReportLoggingInitializer.java:101] - 

Error starting ApplicationContext. To display the auto-configuration report re-run your application with 'debug' enabled.
2018-01-11 14:06:18.934 [main] ERROR org.springframework.boot.diagnostics.LoggingFailureAnalysisReporter [LoggingFailureAnalysisReporter.java:42] - 

***************************
APPLICATION FAILED TO START
***************************

Description:

Cannot determine embedded database driver class for database type NONE

Action:

If you want an embedded database please put a supported one on the classpath. If you have database settings to be loaded from a particular profile you may need to active it (no profiles are currently active).

2018-01-11 14:10:34.082 [main] INFO  org.springframework.context.annotation.AnnotationConfigApplicationContext [AbstractApplicationContext.java:583] - Refreshing org.springframework.context.annotation.AnnotationConfigApplicationContext@2a7f1f10: startup date [Thu Jan 11 14:10:34 CST 2018]; root of context hierarchy
2018-01-11 14:10:34.396 [background-preinit] INFO  org.hibernate.validator.internal.util.Version [Version.java:30] - HV000001: Hibernate Validator 5.3.5.Final
2018-01-11 14:10:34.399 [main] INFO  org.springframework.beans.factory.annotation.AutowiredAnnotationBeanPostProcessor [AutowiredAnnotationBeanPostProcessor.java:155] - JSR-330 'javax.inject.Inject' annotation found and supported for autowiring
2018-01-11 14:10:34.453 [main] INFO  org.springframework.context.support.PostProcessorRegistrationDelegate$BeanPostProcessorChecker [PostProcessorRegistrationDelegate.java:325] - Bean 'configurationPropertiesRebinderAutoConfiguration' of type [org.springframework.cloud.autoconfigure.ConfigurationPropertiesRebinderAutoConfiguration$$EnhancerBySpringCGLIB$$6e86a3c0] is not eligible for getting processed by all BeanPostProcessors (for example: not eligible for auto-proxying)
2018-01-11 14:10:34.818 [main] INFO  org.springframework.cloud.config.client.ConfigServicePropertySourceLocator [ConfigServicePropertySourceLocator.java:82] - Fetching config from server at: http://localhost:8888
2018-01-11 14:10:35.893 [main] WARN  org.springframework.cloud.config.client.ConfigServicePropertySourceLocator [ConfigServicePropertySourceLocator.java:136] - Could not locate PropertySource: I/O error on GET request for "http://localhost:8888/application/default": Connection refused: connect; nested exception is java.net.ConnectException: Connection refused: connect
2018-01-11 14:10:35.894 [main] INFO  com.zgqb.loan.app.Application [SpringApplication.java:593] - No active profile set, falling back to default profiles: default
2018-01-11 14:10:35.922 [main] INFO  org.springframework.boot.context.embedded.AnnotationConfigEmbeddedWebApplicationContext [AbstractApplicationContext.java:583] - Refreshing org.springframework.boot.context.embedded.AnnotationConfigEmbeddedWebApplicationContext@625e134e: startup date [Thu Jan 11 14:10:35 CST 2018]; parent: org.springframework.context.annotation.AnnotationConfigApplicationContext@2a7f1f10
2018-01-11 14:10:37.054 [main] INFO  org.springframework.cloud.context.scope.GenericScope [GenericScope.java:263] - BeanFactory id=0a679863-853d-3220-8cf7-f17e3c689c1f
2018-01-11 14:10:37.074 [main] INFO  org.springframework.beans.factory.annotation.AutowiredAnnotationBeanPostProcessor [AutowiredAnnotationBeanPostProcessor.java:155] - JSR-330 'javax.inject.Inject' annotation found and supported for autowiring
2018-01-11 14:10:37.106 [main] INFO  org.springframework.context.support.PostProcessorRegistrationDelegate$BeanPostProcessorChecker [PostProcessorRegistrationDelegate.java:325] - Bean 'com.zgqb.loan.app.microService.ListService' of type [org.springframework.cloud.netflix.feign.FeignClientFactoryBean] is not eligible for getting processed by all BeanPostProcessors (for example: not eligible for auto-proxying)
2018-01-11 14:10:37.107 [main] INFO  org.springframework.context.support.PostProcessorRegistrationDelegate$BeanPostProcessorChecker [PostProcessorRegistrationDelegate.java:325] - Bean 'com.zgqb.loan.app.microService.LoanCoreService' of type [org.springframework.cloud.netflix.feign.FeignClientFactoryBean] is not eligible for getting processed by all BeanPostProcessors (for example: not eligible for auto-proxying)
2018-01-11 14:10:37.108 [main] INFO  org.springframework.context.support.PostProcessorRegistrationDelegate$BeanPostProcessorChecker [PostProcessorRegistrationDelegate.java:325] - Bean 'com.zgqb.loan.app.microService.LoanCoreTaskService' of type [org.springframework.cloud.netflix.feign.FeignClientFactoryBean] is not eligible for getting processed by all BeanPostProcessors (for example: not eligible for auto-proxying)
2018-01-11 14:10:37.109 [main] INFO  org.springframework.context.support.PostProcessorRegistrationDelegate$BeanPostProcessorChecker [PostProcessorRegistrationDelegate.java:325] - Bean 'com.zgqb.loan.app.microService.LoanThirdService' of type [org.springframework.cloud.netflix.feign.FeignClientFactoryBean] is not eligible for getting processed by all BeanPostProcessors (for example: not eligible for auto-proxying)
2018-01-11 14:10:37.158 [main] INFO  org.springframework.context.support.PostProcessorRegistrationDelegate$BeanPostProcessorChecker [PostProcessorRegistrationDelegate.java:325] - Bean 'org.springframework.amqp.rabbit.annotation.RabbitBootstrapConfiguration' of type [org.springframework.amqp.rabbit.annotation.RabbitBootstrapConfiguration$$EnhancerBySpringCGLIB$$18d85ef1] is not eligible for getting processed by all BeanPostProcessors (for example: not eligible for auto-proxying)
2018-01-11 14:10:37.242 [main] INFO  org.springframework.context.support.PostProcessorRegistrationDelegate$BeanPostProcessorChecker [PostProcessorRegistrationDelegate.java:325] - Bean 'org.springframework.cloud.netflix.metrics.MetricsInterceptorConfiguration$MetricsRestTemplateConfiguration' of type [org.springframework.cloud.netflix.metrics.MetricsInterceptorConfiguration$MetricsRestTemplateConfiguration$$EnhancerBySpringCGLIB$$84994704] is not eligible for getting processed by all BeanPostProcessors (for example: not eligible for auto-proxying)
2018-01-11 14:10:37.360 [main] INFO  org.springframework.context.support.PostProcessorRegistrationDelegate$BeanPostProcessorChecker [PostProcessorRegistrationDelegate.java:325] - Bean 'org.springframework.cloud.autoconfigure.ConfigurationPropertiesRebinderAutoConfiguration' of type [org.springframework.cloud.autoconfigure.ConfigurationPropertiesRebinderAutoConfiguration$$EnhancerBySpringCGLIB$$6e86a3c0] is not eligible for getting processed by all BeanPostProcessors (for example: not eligible for auto-proxying)
2018-01-11 14:10:37.733 [main] INFO  org.springframework.boot.context.embedded.tomcat.TomcatEmbeddedServletContainer [TomcatEmbeddedServletContainer.java:89] - Tomcat initialized with port(s): 8080 (http)
2018-01-11 14:10:37.742 [main] INFO  org.apache.catalina.core.StandardService [DirectJDKLog.java:179] - Starting service [Tomcat]
2018-01-11 14:10:37.743 [main] INFO  org.apache.catalina.core.StandardEngine [DirectJDKLog.java:179] - Starting Servlet Engine: Apache Tomcat/8.5.16
2018-01-11 14:10:37.897 [localhost-startStop-1] INFO  org.apache.catalina.core.ContainerBase.[Tomcat].[localhost].[/] [DirectJDKLog.java:179] - Initializing Spring embedded WebApplicationContext
2018-01-11 14:10:37.898 [localhost-startStop-1] INFO  org.springframework.web.context.ContextLoader [EmbeddedWebApplicationContext.java:276] - Root WebApplicationContext: initialization completed in 1976 ms
2018-01-11 14:10:38.443 [localhost-startStop-1] INFO  org.springframework.boot.web.servlet.ServletRegistrationBean [ServletRegistrationBean.java:190] - Mapping servlet: 'proxyStreamServlet' to [/proxy.stream]
2018-01-11 14:10:38.446 [localhost-startStop-1] INFO  org.springframework.boot.web.servlet.ServletRegistrationBean [ServletRegistrationBean.java:190] - Mapping servlet: 'dispatcherServlet' to [/]
2018-01-11 14:10:38.450 [localhost-startStop-1] INFO  org.springframework.boot.web.servlet.FilterRegistrationBean [AbstractFilterRegistrationBean.java:258] - Mapping filter: 'metricsFilter' to: [/*]
2018-01-11 14:10:38.451 [localhost-startStop-1] INFO  org.springframework.boot.web.servlet.FilterRegistrationBean [AbstractFilterRegistrationBean.java:258] - Mapping filter: 'characterEncodingFilter' to: [/*]
2018-01-11 14:10:38.451 [localhost-startStop-1] INFO  org.springframework.boot.web.servlet.FilterRegistrationBean [AbstractFilterRegistrationBean.java:258] - Mapping filter: 'hiddenHttpMethodFilter' to: [/*]
2018-01-11 14:10:38.451 [localhost-startStop-1] INFO  org.springframework.boot.web.servlet.FilterRegistrationBean [AbstractFilterRegistrationBean.java:258] - Mapping filter: 'httpPutFormContentFilter' to: [/*]
2018-01-11 14:10:38.451 [localhost-startStop-1] INFO  org.springframework.boot.web.servlet.FilterRegistrationBean [AbstractFilterRegistrationBean.java:258] - Mapping filter: 'requestContextFilter' to: [/*]
2018-01-11 14:10:38.452 [localhost-startStop-1] INFO  org.springframework.boot.web.servlet.FilterRegistrationBean [AbstractFilterRegistrationBean.java:258] - Mapping filter: 'webRequestLoggingFilter' to: [/*]
2018-01-11 14:10:38.452 [localhost-startStop-1] INFO  org.springframework.boot.web.servlet.FilterRegistrationBean [AbstractFilterRegistrationBean.java:258] - Mapping filter: 'applicationContextIdFilter' to: [/*]
2018-01-11 14:10:38.632 [main] WARN  org.springframework.boot.context.embedded.AnnotationConfigEmbeddedWebApplicationContext [AbstractApplicationContext.java:551] - Exception encountered during context initialization - cancelling refresh attempt: org.springframework.beans.factory.UnsatisfiedDependencyException: Error creating bean with name 'performanceAop': Unsatisfied dependency expressed through field 'apiStatisticsNumRepository'; nested exception is org.springframework.beans.factory.NoSuchBeanDefinitionException: No qualifying bean of type 'com.zgqb.loan.app.repository.mysql.ApiStatisticsNumRepository' available: expected at least 1 bean which qualifies as autowire candidate. Dependency annotations: {@org.springframework.beans.factory.annotation.Autowired(required=true)}
2018-01-11 14:10:38.633 [main] INFO  org.apache.catalina.core.StandardService [DirectJDKLog.java:179] - Stopping service [Tomcat]
2018-01-11 14:10:38.677 [main] INFO  org.springframework.boot.autoconfigure.logging.AutoConfigurationReportLoggingInitializer [AutoConfigurationReportLoggingInitializer.java:101] - 

Error starting ApplicationContext. To display the auto-configuration report re-run your application with 'debug' enabled.
2018-01-11 14:10:38.816 [main] ERROR org.springframework.boot.diagnostics.LoggingFailureAnalysisReporter [LoggingFailureAnalysisReporter.java:42] - 

***************************
APPLICATION FAILED TO START
***************************

Description:

Field apiStatisticsNumRepository in com.zgqb.loan.app.aop.PerformanceAop required a bean of type 'com.zgqb.loan.app.repository.mysql.ApiStatisticsNumRepository' that could not be found.


Action:

Consider defining a bean of type 'com.zgqb.loan.app.repository.mysql.ApiStatisticsNumRepository' in your configuration.

