2018-01-19 09:51:23.982 [main] INFO  org.springframework.context.annotation.AnnotationConfigApplicationContext [AbstractApplicationContext.java:583] - Refreshing org.springframework.context.annotation.AnnotationConfigApplicationContext@5860f3d7: startup date [Fri Jan 19 09:51:23 CST 2018]; root of context hierarchy
2018-01-19 09:51:24.310 [background-preinit] INFO  org.hibernate.validator.internal.util.Version [Version.java:30] - HV000001: Hibernate Validator 5.3.5.Final
2018-01-19 09:51:24.497 [main] INFO  org.springframework.beans.factory.annotation.AutowiredAnnotationBeanPostProcessor [AutowiredAnnotationBeanPostProcessor.java:155] - JSR-330 'javax.inject.Inject' annotation found and supported for autowiring
2018-01-19 09:51:24.560 [main] INFO  org.springframework.context.support.PostProcessorRegistrationDelegate$BeanPostProcessorChecker [PostProcessorRegistrationDelegate.java:325] - Bean 'configurationPropertiesRebinderAutoConfiguration' of type [org.springframework.cloud.autoconfigure.ConfigurationPropertiesRebinderAutoConfiguration$$EnhancerBySpringCGLIB$$ce1989f2] is not eligible for getting processed by all BeanPostProcessors (for example: not eligible for auto-proxying)
2018-01-19 09:51:24.950 [main] INFO  org.springframework.cloud.config.client.ConfigServicePropertySourceLocator [ConfigServicePropertySourceLocator.java:82] - Fetching config from server at: http://localhost:8888
2018-01-19 09:51:26.073 [main] WARN  org.springframework.cloud.config.client.ConfigServicePropertySourceLocator [ConfigServicePropertySourceLocator.java:136] - Could not locate PropertySource: I/O error on GET request for "http://localhost:8888/application/default": Connection refused: connect; nested exception is java.net.ConnectException: Connection refused: connect
2018-01-19 09:51:26.073 [main] INFO  com.zgqb.loan.coretask.Application [SpringApplication.java:593] - No active profile set, falling back to default profiles: default
2018-01-19 09:51:26.136 [main] INFO  org.springframework.boot.context.embedded.AnnotationConfigEmbeddedWebApplicationContext [AbstractApplicationContext.java:583] - Refreshing org.springframework.boot.context.embedded.AnnotationConfigEmbeddedWebApplicationContext@1706a5c9: startup date [Fri Jan 19 09:51:26 CST 2018]; parent: org.springframework.context.annotation.AnnotationConfigApplicationContext@5860f3d7
2018-01-19 09:51:27.306 [main] INFO  org.springframework.beans.factory.support.DefaultListableBeanFactory [DefaultListableBeanFactory.java:828] - Overriding bean definition for bean 'managementServletContext' with a different definition: replacing [Root bean: class [null]; scope=; abstract=false; lazyInit=false; autowireMode=3; dependencyCheck=0; autowireCandidate=true; primary=false; factoryBeanName=org.springframework.boot.actuate.autoconfigure.EndpointWebMvcHypermediaManagementContextConfiguration; factoryMethodName=managementServletContext; initMethodName=null; destroyMethodName=(inferred); defined in class path resource [org/springframework/boot/actuate/autoconfigure/EndpointWebMvcHypermediaManagementContextConfiguration.class]] with [Root bean: class [null]; scope=; abstract=false; lazyInit=false; autowireMode=3; dependencyCheck=0; autowireCandidate=true; primary=false; factoryBeanName=org.springframework.boot.actuate.autoconfigure.EndpointWebMvcAutoConfiguration; factoryMethodName=managementServletContext; initMethodName=null; destroyMethodName=(inferred); defined in class path resource [org/springframework/boot/actuate/autoconfigure/EndpointWebMvcAutoConfiguration.class]]
2018-01-19 09:51:27.900 [main] INFO  org.springframework.cloud.context.scope.GenericScope [GenericScope.java:263] - BeanFactory id=fd5a9437-3a8a-3e83-80a4-88e3c7f94e66
2018-01-19 09:51:27.946 [main] INFO  org.springframework.beans.factory.annotation.AutowiredAnnotationBeanPostProcessor [AutowiredAnnotationBeanPostProcessor.java:155] - JSR-330 'javax.inject.Inject' annotation found and supported for autowiring
2018-01-19 09:51:28.009 [main] INFO  org.springframework.context.support.PostProcessorRegistrationDelegate$BeanPostProcessorChecker [PostProcessorRegistrationDelegate.java:325] - Bean 'com.zgqb.loan.coretask.microService.LoanCoreService' of type [org.springframework.cloud.netflix.feign.FeignClientFactoryBean] is not eligible for getting processed by all BeanPostProcessors (for example: not eligible for auto-proxying)
2018-01-19 09:51:28.009 [main] INFO  org.springframework.context.support.PostProcessorRegistrationDelegate$BeanPostProcessorChecker [PostProcessorRegistrationDelegate.java:325] - Bean 'com.zgqb.loan.coretask.microService.LoanThirdService' of type [org.springframework.cloud.netflix.feign.FeignClientFactoryBean] is not eligible for getting processed by all BeanPostProcessors (for example: not eligible for auto-proxying)
2018-01-19 09:51:28.009 [main] INFO  org.springframework.context.support.PostProcessorRegistrationDelegate$BeanPostProcessorChecker [PostProcessorRegistrationDelegate.java:325] - Bean 'com.zgqb.loan.coretask.microService.RuleEngineService' of type [org.springframework.cloud.netflix.feign.FeignClientFactoryBean] is not eligible for getting processed by all BeanPostProcessors (for example: not eligible for auto-proxying)
2018-01-19 09:51:28.368 [main] INFO  org.springframework.context.support.PostProcessorRegistrationDelegate$BeanPostProcessorChecker [PostProcessorRegistrationDelegate.java:325] - Bean 'org.springframework.transaction.annotation.ProxyTransactionManagementConfiguration' of type [org.springframework.transaction.annotation.ProxyTransactionManagementConfiguration$$EnhancerBySpringCGLIB$$b1ff86f5] is not eligible for getting processed by all BeanPostProcessors (for example: not eligible for auto-proxying)
2018-01-19 09:51:28.532 [main] INFO  org.springframework.context.support.PostProcessorRegistrationDelegate$BeanPostProcessorChecker [PostProcessorRegistrationDelegate.java:325] - Bean 'org.springframework.cloud.netflix.metrics.MetricsInterceptorConfiguration$MetricsRestTemplateConfiguration' of type [org.springframework.cloud.netflix.metrics.MetricsInterceptorConfiguration$MetricsRestTemplateConfiguration$$EnhancerBySpringCGLIB$$e42c2d36] is not eligible for getting processed by all BeanPostProcessors (for example: not eligible for auto-proxying)
2018-01-19 09:51:28.563 [main] INFO  org.springframework.context.support.PostProcessorRegistrationDelegate$BeanPostProcessorChecker [PostProcessorRegistrationDelegate.java:325] - Bean 'org.springframework.cloud.autoconfigure.ConfigurationPropertiesRebinderAutoConfiguration' of type [org.springframework.cloud.autoconfigure.ConfigurationPropertiesRebinderAutoConfiguration$$EnhancerBySpringCGLIB$$ce1989f2] is not eligible for getting processed by all BeanPostProcessors (for example: not eligible for auto-proxying)
2018-01-19 09:51:29.000 [main] INFO  org.springframework.boot.context.embedded.tomcat.TomcatEmbeddedServletContainer [TomcatEmbeddedServletContainer.java:89] - Tomcat initialized with port(s): 8080 (http)
2018-01-19 09:51:29.015 [main] INFO  org.apache.catalina.core.StandardService [DirectJDKLog.java:179] - Starting service [Tomcat]
2018-01-19 09:51:29.015 [main] INFO  org.apache.catalina.core.StandardEngine [DirectJDKLog.java:179] - Starting Servlet Engine: Apache Tomcat/8.5.16
2018-01-19 09:51:29.265 [localhost-startStop-1] INFO  org.apache.catalina.core.ContainerBase.[Tomcat].[localhost].[/] [DirectJDKLog.java:179] - Initializing Spring embedded WebApplicationContext
2018-01-19 09:51:29.265 [localhost-startStop-1] INFO  org.springframework.web.context.ContextLoader [EmbeddedWebApplicationContext.java:276] - Root WebApplicationContext: initialization completed in 3129 ms
2018-01-19 09:51:29.670 [localhost-startStop-1] INFO  org.springframework.boot.web.servlet.ServletRegistrationBean [ServletRegistrationBean.java:190] - Mapping servlet: 'proxyStreamServlet' to [/proxy.stream]
2018-01-19 09:51:29.670 [localhost-startStop-1] INFO  org.springframework.boot.web.servlet.ServletRegistrationBean [ServletRegistrationBean.java:190] - Mapping servlet: 'dispatcherServlet' to [/]
2018-01-19 09:51:29.686 [localhost-startStop-1] INFO  org.springframework.boot.web.servlet.FilterRegistrationBean [AbstractFilterRegistrationBean.java:258] - Mapping filter: 'metricsFilter' to: [/*]
2018-01-19 09:51:29.686 [localhost-startStop-1] INFO  org.springframework.boot.web.servlet.FilterRegistrationBean [AbstractFilterRegistrationBean.java:258] - Mapping filter: 'characterEncodingFilter' to: [/*]
2018-01-19 09:51:29.686 [localhost-startStop-1] INFO  org.springframework.boot.web.servlet.FilterRegistrationBean [AbstractFilterRegistrationBean.java:258] - Mapping filter: 'hiddenHttpMethodFilter' to: [/*]
2018-01-19 09:51:29.686 [localhost-startStop-1] INFO  org.springframework.boot.web.servlet.FilterRegistrationBean [AbstractFilterRegistrationBean.java:258] - Mapping filter: 'httpPutFormContentFilter' to: [/*]
2018-01-19 09:51:29.686 [localhost-startStop-1] INFO  org.springframework.boot.web.servlet.FilterRegistrationBean [AbstractFilterRegistrationBean.java:258] - Mapping filter: 'requestContextFilter' to: [/*]
2018-01-19 09:51:29.686 [localhost-startStop-1] INFO  org.springframework.boot.web.servlet.FilterRegistrationBean [AbstractFilterRegistrationBean.java:258] - Mapping filter: 'webRequestLoggingFilter' to: [/*]
2018-01-19 09:51:29.686 [localhost-startStop-1] INFO  org.springframework.boot.web.servlet.FilterRegistrationBean [AbstractFilterRegistrationBean.java:258] - Mapping filter: 'applicationContextIdFilter' to: [/*]
2018-01-19 09:51:29.748 [main] WARN  org.springframework.boot.context.embedded.AnnotationConfigEmbeddedWebApplicationContext [AbstractApplicationContext.java:551] - Exception encountered during context initialization - cancelling refresh attempt: org.springframework.beans.factory.UnsatisfiedDependencyException: Error creating bean with name 'org.springframework.boot.autoconfigure.orm.jpa.HibernateJpaAutoConfiguration': Unsatisfied dependency expressed through constructor parameter 0; nested exception is org.springframework.beans.factory.BeanCreationException: Error creating bean with name 'dataSource' defined in class path resource [org/springframework/boot/autoconfigure/jdbc/DataSourceConfiguration$Tomcat.class]: Bean instantiation via factory method failed; nested exception is org.springframework.beans.BeanInstantiationException: Failed to instantiate [org.apache.tomcat.jdbc.pool.DataSource]: Factory method 'dataSource' threw exception; nested exception is org.springframework.boot.autoconfigure.jdbc.DataSourceProperties$DataSourceBeanCreationException: Cannot determine embedded database driver class for database type NONE. If you want an embedded database please put a supported one on the classpath. If you have database settings to be loaded from a particular profile you may need to active it (no profiles are currently active).
2018-01-19 09:51:29.748 [main] INFO  org.apache.catalina.core.StandardService [DirectJDKLog.java:179] - Stopping service [Tomcat]
2018-01-19 09:51:29.764 [main] INFO  org.springframework.boot.autoconfigure.logging.AutoConfigurationReportLoggingInitializer [AutoConfigurationReportLoggingInitializer.java:101] - 

Error starting ApplicationContext. To display the auto-configuration report re-run your application with 'debug' enabled.
2018-01-19 09:51:29.780 [main] ERROR org.springframework.boot.diagnostics.LoggingFailureAnalysisReporter [LoggingFailureAnalysisReporter.java:42] - 

***************************
APPLICATION FAILED TO START
***************************

Description:

Cannot determine embedded database driver class for database type NONE

Action:

If you want an embedded database please put a supported one on the classpath. If you have database settings to be loaded from a particular profile you may need to active it (no profiles are currently active).

2018-01-19 09:52:52.168 [main] INFO  org.springframework.context.annotation.AnnotationConfigApplicationContext [AbstractApplicationContext.java:583] - Refreshing org.springframework.context.annotation.AnnotationConfigApplicationContext@76a36b71: startup date [Fri Jan 19 09:52:52 CST 2018]; root of context hierarchy
2018-01-19 09:52:52.293 [background-preinit] INFO  org.hibernate.validator.internal.util.Version [Version.java:30] - HV000001: Hibernate Validator 5.3.5.Final
2018-01-19 09:52:52.464 [main] INFO  org.springframework.beans.factory.annotation.AutowiredAnnotationBeanPostProcessor [AutowiredAnnotationBeanPostProcessor.java:155] - JSR-330 'javax.inject.Inject' annotation found and supported for autowiring
2018-01-19 09:52:52.511 [main] INFO  org.springframework.context.support.PostProcessorRegistrationDelegate$BeanPostProcessorChecker [PostProcessorRegistrationDelegate.java:325] - Bean 'configurationPropertiesRebinderAutoConfiguration' of type [org.springframework.cloud.autoconfigure.ConfigurationPropertiesRebinderAutoConfiguration$$EnhancerBySpringCGLIB$$4ccfbf68] is not eligible for getting processed by all BeanPostProcessors (for example: not eligible for auto-proxying)
2018-01-19 09:52:52.885 [main] INFO  org.springframework.cloud.config.client.ConfigServicePropertySourceLocator [ConfigServicePropertySourceLocator.java:82] - Fetching config from server at: http://localhost:8888
2018-01-19 09:52:53.977 [main] WARN  org.springframework.cloud.config.client.ConfigServicePropertySourceLocator [ConfigServicePropertySourceLocator.java:136] - Could not locate PropertySource: I/O error on GET request for "http://localhost:8888/application/default": Connection refused: connect; nested exception is java.net.ConnectException: Connection refused: connect
2018-01-19 09:52:53.977 [main] INFO  com.zgqb.loan.coretask.Application [SpringApplication.java:593] - No active profile set, falling back to default profiles: default
2018-01-19 09:52:54.024 [main] INFO  org.springframework.boot.context.embedded.AnnotationConfigEmbeddedWebApplicationContext [AbstractApplicationContext.java:583] - Refreshing org.springframework.boot.context.embedded.AnnotationConfigEmbeddedWebApplicationContext@6dd82486: startup date [Fri Jan 19 09:52:54 CST 2018]; parent: org.springframework.context.annotation.AnnotationConfigApplicationContext@76a36b71
2018-01-19 09:52:55.132 [main] INFO  org.springframework.beans.factory.support.DefaultListableBeanFactory [DefaultListableBeanFactory.java:828] - Overriding bean definition for bean 'managementServletContext' with a different definition: replacing [Root bean: class [null]; scope=; abstract=false; lazyInit=false; autowireMode=3; dependencyCheck=0; autowireCandidate=true; primary=false; factoryBeanName=org.springframework.boot.actuate.autoconfigure.EndpointWebMvcHypermediaManagementContextConfiguration; factoryMethodName=managementServletContext; initMethodName=null; destroyMethodName=(inferred); defined in class path resource [org/springframework/boot/actuate/autoconfigure/EndpointWebMvcHypermediaManagementContextConfiguration.class]] with [Root bean: class [null]; scope=; abstract=false; lazyInit=false; autowireMode=3; dependencyCheck=0; autowireCandidate=true; primary=false; factoryBeanName=org.springframework.boot.actuate.autoconfigure.EndpointWebMvcAutoConfiguration; factoryMethodName=managementServletContext; initMethodName=null; destroyMethodName=(inferred); defined in class path resource [org/springframework/boot/actuate/autoconfigure/EndpointWebMvcAutoConfiguration.class]]
2018-01-19 09:52:55.615 [main] INFO  org.springframework.cloud.context.scope.GenericScope [GenericScope.java:263] - BeanFactory id=fd5a9437-3a8a-3e83-80a4-88e3c7f94e66
2018-01-19 09:52:55.647 [main] INFO  org.springframework.beans.factory.annotation.AutowiredAnnotationBeanPostProcessor [AutowiredAnnotationBeanPostProcessor.java:155] - JSR-330 'javax.inject.Inject' annotation found and supported for autowiring
2018-01-19 09:52:55.709 [main] INFO  org.springframework.context.support.PostProcessorRegistrationDelegate$BeanPostProcessorChecker [PostProcessorRegistrationDelegate.java:325] - Bean 'com.zgqb.loan.coretask.microService.LoanCoreService' of type [org.springframework.cloud.netflix.feign.FeignClientFactoryBean] is not eligible for getting processed by all BeanPostProcessors (for example: not eligible for auto-proxying)
2018-01-19 09:52:55.709 [main] INFO  org.springframework.context.support.PostProcessorRegistrationDelegate$BeanPostProcessorChecker [PostProcessorRegistrationDelegate.java:325] - Bean 'com.zgqb.loan.coretask.microService.LoanThirdService' of type [org.springframework.cloud.netflix.feign.FeignClientFactoryBean] is not eligible for getting processed by all BeanPostProcessors (for example: not eligible for auto-proxying)
2018-01-19 09:52:55.709 [main] INFO  org.springframework.context.support.PostProcessorRegistrationDelegate$BeanPostProcessorChecker [PostProcessorRegistrationDelegate.java:325] - Bean 'com.zgqb.loan.coretask.microService.RuleEngineService' of type [org.springframework.cloud.netflix.feign.FeignClientFactoryBean] is not eligible for getting processed by all BeanPostProcessors (for example: not eligible for auto-proxying)
2018-01-19 09:52:55.881 [main] INFO  org.springframework.context.support.PostProcessorRegistrationDelegate$BeanPostProcessorChecker [PostProcessorRegistrationDelegate.java:325] - Bean 'org.springframework.transaction.annotation.ProxyTransactionManagementConfiguration' of type [org.springframework.transaction.annotation.ProxyTransactionManagementConfiguration$$EnhancerBySpringCGLIB$$30b5bc6b] is not eligible for getting processed by all BeanPostProcessors (for example: not eligible for auto-proxying)
2018-01-19 09:52:56.083 [main] INFO  org.springframework.context.support.PostProcessorRegistrationDelegate$BeanPostProcessorChecker [PostProcessorRegistrationDelegate.java:325] - Bean 'org.springframework.cloud.netflix.metrics.MetricsInterceptorConfiguration$MetricsRestTemplateConfiguration' of type [org.springframework.cloud.netflix.metrics.MetricsInterceptorConfiguration$MetricsRestTemplateConfiguration$$EnhancerBySpringCGLIB$$62e262ac] is not eligible for getting processed by all BeanPostProcessors (for example: not eligible for auto-proxying)
2018-01-19 09:52:56.115 [main] INFO  org.springframework.context.support.PostProcessorRegistrationDelegate$BeanPostProcessorChecker [PostProcessorRegistrationDelegate.java:325] - Bean 'org.springframework.cloud.autoconfigure.ConfigurationPropertiesRebinderAutoConfiguration' of type [org.springframework.cloud.autoconfigure.ConfigurationPropertiesRebinderAutoConfiguration$$EnhancerBySpringCGLIB$$4ccfbf68] is not eligible for getting processed by all BeanPostProcessors (for example: not eligible for auto-proxying)
2018-01-19 09:52:56.520 [main] INFO  org.springframework.boot.context.embedded.tomcat.TomcatEmbeddedServletContainer [TomcatEmbeddedServletContainer.java:89] - Tomcat initialized with port(s): 8080 (http)
2018-01-19 09:52:56.520 [main] INFO  org.apache.catalina.core.StandardService [DirectJDKLog.java:179] - Starting service [Tomcat]
2018-01-19 09:52:56.520 [main] INFO  org.apache.catalina.core.StandardEngine [DirectJDKLog.java:179] - Starting Servlet Engine: Apache Tomcat/8.5.16
2018-01-19 09:52:56.801 [localhost-startStop-1] INFO  org.apache.catalina.core.ContainerBase.[Tomcat].[localhost].[/] [DirectJDKLog.java:179] - Initializing Spring embedded WebApplicationContext
2018-01-19 09:52:56.801 [localhost-startStop-1] INFO  org.springframework.web.context.ContextLoader [EmbeddedWebApplicationContext.java:276] - Root WebApplicationContext: initialization completed in 2777 ms
2018-01-19 09:52:57.207 [localhost-startStop-1] INFO  org.springframework.boot.web.servlet.ServletRegistrationBean [ServletRegistrationBean.java:190] - Mapping servlet: 'proxyStreamServlet' to [/proxy.stream]
2018-01-19 09:52:57.207 [localhost-startStop-1] INFO  org.springframework.boot.web.servlet.ServletRegistrationBean [ServletRegistrationBean.java:190] - Mapping servlet: 'dispatcherServlet' to [/]
2018-01-19 09:52:57.207 [localhost-startStop-1] INFO  org.springframework.boot.web.servlet.FilterRegistrationBean [AbstractFilterRegistrationBean.java:258] - Mapping filter: 'metricsFilter' to: [/*]
2018-01-19 09:52:57.207 [localhost-startStop-1] INFO  org.springframework.boot.web.servlet.FilterRegistrationBean [AbstractFilterRegistrationBean.java:258] - Mapping filter: 'characterEncodingFilter' to: [/*]
2018-01-19 09:52:57.207 [localhost-startStop-1] INFO  org.springframework.boot.web.servlet.FilterRegistrationBean [AbstractFilterRegistrationBean.java:258] - Mapping filter: 'hiddenHttpMethodFilter' to: [/*]
2018-01-19 09:52:57.207 [localhost-startStop-1] INFO  org.springframework.boot.web.servlet.FilterRegistrationBean [AbstractFilterRegistrationBean.java:258] - Mapping filter: 'httpPutFormContentFilter' to: [/*]
2018-01-19 09:52:57.207 [localhost-startStop-1] INFO  org.springframework.boot.web.servlet.FilterRegistrationBean [AbstractFilterRegistrationBean.java:258] - Mapping filter: 'requestContextFilter' to: [/*]
2018-01-19 09:52:57.207 [localhost-startStop-1] INFO  org.springframework.boot.web.servlet.FilterRegistrationBean [AbstractFilterRegistrationBean.java:258] - Mapping filter: 'webRequestLoggingFilter' to: [/*]
2018-01-19 09:52:57.207 [localhost-startStop-1] INFO  org.springframework.boot.web.servlet.FilterRegistrationBean [AbstractFilterRegistrationBean.java:258] - Mapping filter: 'applicationContextIdFilter' to: [/*]
2018-01-19 09:52:57.269 [main] WARN  org.springframework.boot.context.embedded.AnnotationConfigEmbeddedWebApplicationContext [AbstractApplicationContext.java:551] - Exception encountered during context initialization - cancelling refresh attempt: org.springframework.beans.factory.UnsatisfiedDependencyException: Error creating bean with name 'org.springframework.boot.autoconfigure.orm.jpa.HibernateJpaAutoConfiguration': Unsatisfied dependency expressed through constructor parameter 0; nested exception is org.springframework.beans.factory.BeanCreationException: Error creating bean with name 'dataSource' defined in class path resource [org/springframework/boot/autoconfigure/jdbc/DataSourceConfiguration$Tomcat.class]: Bean instantiation via factory method failed; nested exception is org.springframework.beans.BeanInstantiationException: Failed to instantiate [org.apache.tomcat.jdbc.pool.DataSource]: Factory method 'dataSource' threw exception; nested exception is org.springframework.boot.autoconfigure.jdbc.DataSourceProperties$DataSourceBeanCreationException: Cannot determine embedded database driver class for database type NONE. If you want an embedded database please put a supported one on the classpath. If you have database settings to be loaded from a particular profile you may need to active it (no profiles are currently active).
2018-01-19 09:52:57.285 [main] INFO  org.apache.catalina.core.StandardService [DirectJDKLog.java:179] - Stopping service [Tomcat]
2018-01-19 09:52:57.300 [main] INFO  org.springframework.boot.autoconfigure.logging.AutoConfigurationReportLoggingInitializer [AutoConfigurationReportLoggingInitializer.java:101] - 

Error starting ApplicationContext. To display the auto-configuration report re-run your application with 'debug' enabled.
2018-01-19 09:52:57.300 [main] ERROR org.springframework.boot.diagnostics.LoggingFailureAnalysisReporter [LoggingFailureAnalysisReporter.java:42] - 

***************************
APPLICATION FAILED TO START
***************************

Description:

Cannot determine embedded database driver class for database type NONE

Action:

If you want an embedded database please put a supported one on the classpath. If you have database settings to be loaded from a particular profile you may need to active it (no profiles are currently active).

