2018-01-19 09:49:54.286 [main] INFO  org.springframework.context.annotation.AnnotationConfigApplicationContext [AbstractApplicationContext.java:583] - Refreshing org.springframework.context.annotation.AnnotationConfigApplicationContext@3234f74e: startup date [Fri Jan 19 09:49:54 CST 2018]; root of context hierarchy
2018-01-19 09:49:54.491 [background-preinit] INFO  org.hibernate.validator.internal.util.Version [Version.java:30] - HV000001: Hibernate Validator 5.3.5.Final
2018-01-19 09:49:54.631 [main] INFO  org.springframework.beans.factory.annotation.AutowiredAnnotationBeanPostProcessor [AutowiredAnnotationBeanPostProcessor.java:155] - JSR-330 'javax.inject.Inject' annotation found and supported for autowiring
2018-01-19 09:49:54.678 [main] INFO  org.springframework.context.support.PostProcessorRegistrationDelegate$BeanPostProcessorChecker [PostProcessorRegistrationDelegate.java:325] - Bean 'configurationPropertiesRebinderAutoConfiguration' of type [org.springframework.cloud.autoconfigure.ConfigurationPropertiesRebinderAutoConfiguration$$EnhancerBySpringCGLIB$$2ec267c9] is not eligible for getting processed by all BeanPostProcessors (for example: not eligible for auto-proxying)
2018-01-19 09:49:55.084 [main] INFO  org.springframework.cloud.config.client.ConfigServicePropertySourceLocator [ConfigServicePropertySourceLocator.java:82] - Fetching config from server at: http://localhost:8888
2018-01-19 09:49:56.238 [main] WARN  org.springframework.cloud.config.client.ConfigServicePropertySourceLocator [ConfigServicePropertySourceLocator.java:136] - Could not locate PropertySource: I/O error on GET request for "http://localhost:8888/application/default": Connection refused: connect; nested exception is java.net.ConnectException: Connection refused: connect
2018-01-19 09:49:56.238 [main] INFO  com.zgqb.loan.app.Application [SpringApplication.java:593] - No active profile set, falling back to default profiles: default
2018-01-19 09:49:56.285 [main] INFO  org.springframework.boot.context.embedded.AnnotationConfigEmbeddedWebApplicationContext [AbstractApplicationContext.java:583] - Refreshing org.springframework.boot.context.embedded.AnnotationConfigEmbeddedWebApplicationContext@4ce14f05: startup date [Fri Jan 19 09:49:56 CST 2018]; parent: org.springframework.context.annotation.AnnotationConfigApplicationContext@3234f74e
2018-01-19 09:49:57.751 [main] INFO  org.springframework.cloud.context.scope.GenericScope [GenericScope.java:263] - BeanFactory id=0a679863-853d-3220-8cf7-f17e3c689c1f
2018-01-19 09:49:57.767 [main] INFO  org.springframework.beans.factory.annotation.AutowiredAnnotationBeanPostProcessor [AutowiredAnnotationBeanPostProcessor.java:155] - JSR-330 'javax.inject.Inject' annotation found and supported for autowiring
2018-01-19 09:49:57.814 [main] INFO  org.springframework.context.support.PostProcessorRegistrationDelegate$BeanPostProcessorChecker [PostProcessorRegistrationDelegate.java:325] - Bean 'com.zgqb.loan.app.microService.ListService' of type [org.springframework.cloud.netflix.feign.FeignClientFactoryBean] is not eligible for getting processed by all BeanPostProcessors (for example: not eligible for auto-proxying)
2018-01-19 09:49:57.814 [main] INFO  org.springframework.context.support.PostProcessorRegistrationDelegate$BeanPostProcessorChecker [PostProcessorRegistrationDelegate.java:325] - Bean 'com.zgqb.loan.app.microService.LoanCoreService' of type [org.springframework.cloud.netflix.feign.FeignClientFactoryBean] is not eligible for getting processed by all BeanPostProcessors (for example: not eligible for auto-proxying)
2018-01-19 09:49:57.814 [main] INFO  org.springframework.context.support.PostProcessorRegistrationDelegate$BeanPostProcessorChecker [PostProcessorRegistrationDelegate.java:325] - Bean 'com.zgqb.loan.app.microService.LoanCoreTaskService' of type [org.springframework.cloud.netflix.feign.FeignClientFactoryBean] is not eligible for getting processed by all BeanPostProcessors (for example: not eligible for auto-proxying)
2018-01-19 09:49:57.814 [main] INFO  org.springframework.context.support.PostProcessorRegistrationDelegate$BeanPostProcessorChecker [PostProcessorRegistrationDelegate.java:325] - Bean 'com.zgqb.loan.app.microService.LoanThirdService' of type [org.springframework.cloud.netflix.feign.FeignClientFactoryBean] is not eligible for getting processed by all BeanPostProcessors (for example: not eligible for auto-proxying)
2018-01-19 09:49:57.892 [main] INFO  org.springframework.context.support.PostProcessorRegistrationDelegate$BeanPostProcessorChecker [PostProcessorRegistrationDelegate.java:325] - Bean 'org.springframework.amqp.rabbit.annotation.RabbitBootstrapConfiguration' of type [org.springframework.amqp.rabbit.annotation.RabbitBootstrapConfiguration$$EnhancerBySpringCGLIB$$d91422fa] is not eligible for getting processed by all BeanPostProcessors (for example: not eligible for auto-proxying)
2018-01-19 09:49:58.017 [main] INFO  org.springframework.context.support.PostProcessorRegistrationDelegate$BeanPostProcessorChecker [PostProcessorRegistrationDelegate.java:325] - Bean 'org.springframework.cloud.netflix.metrics.MetricsInterceptorConfiguration$MetricsRestTemplateConfiguration' of type [org.springframework.cloud.netflix.metrics.MetricsInterceptorConfiguration$MetricsRestTemplateConfiguration$$EnhancerBySpringCGLIB$$44d50b0d] is not eligible for getting processed by all BeanPostProcessors (for example: not eligible for auto-proxying)
2018-01-19 09:49:58.157 [main] INFO  org.springframework.context.support.PostProcessorRegistrationDelegate$BeanPostProcessorChecker [PostProcessorRegistrationDelegate.java:325] - Bean 'org.springframework.cloud.autoconfigure.ConfigurationPropertiesRebinderAutoConfiguration' of type [org.springframework.cloud.autoconfigure.ConfigurationPropertiesRebinderAutoConfiguration$$EnhancerBySpringCGLIB$$2ec267c9] is not eligible for getting processed by all BeanPostProcessors (for example: not eligible for auto-proxying)
2018-01-19 09:49:58.609 [main] INFO  org.springframework.boot.context.embedded.tomcat.TomcatEmbeddedServletContainer [TomcatEmbeddedServletContainer.java:89] - Tomcat initialized with port(s): 8080 (http)
2018-01-19 09:49:58.625 [main] INFO  org.apache.catalina.core.StandardService [DirectJDKLog.java:179] - Starting service [Tomcat]
2018-01-19 09:49:58.625 [main] INFO  org.apache.catalina.core.StandardEngine [DirectJDKLog.java:179] - Starting Servlet Engine: Apache Tomcat/8.5.16
2018-01-19 09:49:58.765 [localhost-startStop-1] INFO  org.apache.catalina.core.ContainerBase.[Tomcat].[localhost].[/] [DirectJDKLog.java:179] - Initializing Spring embedded WebApplicationContext
2018-01-19 09:49:58.765 [localhost-startStop-1] INFO  org.springframework.web.context.ContextLoader [EmbeddedWebApplicationContext.java:276] - Root WebApplicationContext: initialization completed in 2480 ms
2018-01-19 09:49:59.202 [localhost-startStop-1] INFO  org.springframework.boot.web.servlet.ServletRegistrationBean [ServletRegistrationBean.java:190] - Mapping servlet: 'proxyStreamServlet' to [/proxy.stream]
2018-01-19 09:49:59.202 [localhost-startStop-1] INFO  org.springframework.boot.web.servlet.ServletRegistrationBean [ServletRegistrationBean.java:190] - Mapping servlet: 'dispatcherServlet' to [/]
2018-01-19 09:49:59.202 [localhost-startStop-1] INFO  org.springframework.boot.web.servlet.FilterRegistrationBean [AbstractFilterRegistrationBean.java:258] - Mapping filter: 'metricsFilter' to: [/*]
2018-01-19 09:49:59.202 [localhost-startStop-1] INFO  org.springframework.boot.web.servlet.FilterRegistrationBean [AbstractFilterRegistrationBean.java:258] - Mapping filter: 'characterEncodingFilter' to: [/*]
2018-01-19 09:49:59.202 [localhost-startStop-1] INFO  org.springframework.boot.web.servlet.FilterRegistrationBean [AbstractFilterRegistrationBean.java:258] - Mapping filter: 'hiddenHttpMethodFilter' to: [/*]
2018-01-19 09:49:59.202 [localhost-startStop-1] INFO  org.springframework.boot.web.servlet.FilterRegistrationBean [AbstractFilterRegistrationBean.java:258] - Mapping filter: 'httpPutFormContentFilter' to: [/*]
2018-01-19 09:49:59.202 [localhost-startStop-1] INFO  org.springframework.boot.web.servlet.FilterRegistrationBean [AbstractFilterRegistrationBean.java:258] - Mapping filter: 'requestContextFilter' to: [/*]
2018-01-19 09:49:59.202 [localhost-startStop-1] INFO  org.springframework.boot.web.servlet.FilterRegistrationBean [AbstractFilterRegistrationBean.java:258] - Mapping filter: 'webRequestLoggingFilter' to: [/*]
2018-01-19 09:49:59.202 [localhost-startStop-1] INFO  org.springframework.boot.web.servlet.FilterRegistrationBean [AbstractFilterRegistrationBean.java:258] - Mapping filter: 'applicationContextIdFilter' to: [/*]
2018-01-19 09:49:59.265 [main] WARN  org.springframework.boot.context.embedded.AnnotationConfigEmbeddedWebApplicationContext [AbstractApplicationContext.java:551] - Exception encountered during context initialization - cancelling refresh attempt: org.springframework.beans.factory.UnsatisfiedDependencyException: Error creating bean with name 'performanceAop': Unsatisfied dependency expressed through field 'apiStatisticsNumRepository'; nested exception is org.springframework.beans.factory.NoSuchBeanDefinitionException: No qualifying bean of type 'com.zgqb.loan.app.repository.mysql.ApiStatisticsNumRepository' available: expected at least 1 bean which qualifies as autowire candidate. Dependency annotations: {@org.springframework.beans.factory.annotation.Autowired(required=true)}
2018-01-19 09:49:59.265 [main] INFO  org.apache.catalina.core.StandardService [DirectJDKLog.java:179] - Stopping service [Tomcat]
2018-01-19 09:49:59.327 [main] INFO  org.springframework.boot.autoconfigure.logging.AutoConfigurationReportLoggingInitializer [AutoConfigurationReportLoggingInitializer.java:101] - 

Error starting ApplicationContext. To display the auto-configuration report re-run your application with 'debug' enabled.
2018-01-19 09:49:59.655 [main] ERROR org.springframework.boot.diagnostics.LoggingFailureAnalysisReporter [LoggingFailureAnalysisReporter.java:42] - 

***************************
APPLICATION FAILED TO START
***************************

Description:

Field apiStatisticsNumRepository in com.zgqb.loan.app.aop.PerformanceAop required a bean of type 'com.zgqb.loan.app.repository.mysql.ApiStatisticsNumRepository' that could not be found.


Action:

Consider defining a bean of type 'com.zgqb.loan.app.repository.mysql.ApiStatisticsNumRepository' in your configuration.

2018-01-19 09:50:12.430 [main] INFO  org.springframework.context.annotation.AnnotationConfigApplicationContext [AbstractApplicationContext.java:583] - Refreshing org.springframework.context.annotation.AnnotationConfigApplicationContext@376a312c: startup date [Fri Jan 19 09:50:12 CST 2018]; root of context hierarchy
2018-01-19 09:50:12.664 [background-preinit] INFO  org.hibernate.validator.internal.util.Version [Version.java:30] - HV000001: Hibernate Validator 5.3.5.Final
2018-01-19 09:50:13.132 [main] INFO  org.springframework.beans.factory.annotation.AutowiredAnnotationBeanPostProcessor [AutowiredAnnotationBeanPostProcessor.java:155] - JSR-330 'javax.inject.Inject' annotation found and supported for autowiring
2018-01-19 09:50:13.273 [main] INFO  org.springframework.context.support.PostProcessorRegistrationDelegate$BeanPostProcessorChecker [PostProcessorRegistrationDelegate.java:325] - Bean 'configurationPropertiesRebinderAutoConfiguration' of type [org.springframework.cloud.autoconfigure.ConfigurationPropertiesRebinderAutoConfiguration$$EnhancerBySpringCGLIB$$b22e5fd4] is not eligible for getting processed by all BeanPostProcessors (for example: not eligible for auto-proxying)
2018-01-19 09:50:13.678 [main] INFO  org.springframework.cloud.config.client.ConfigServicePropertySourceLocator [ConfigServicePropertySourceLocator.java:82] - Fetching config from server at: http://localhost:8888
2018-01-19 09:50:14.787 [main] WARN  org.springframework.cloud.config.client.ConfigServicePropertySourceLocator [ConfigServicePropertySourceLocator.java:136] - Could not locate PropertySource: I/O error on GET request for "http://localhost:8888/application/default": Connection refused: connect; nested exception is java.net.ConnectException: Connection refused: connect
2018-01-19 09:50:14.787 [main] INFO  com.zgqb.loan.app.Application [SpringApplication.java:593] - No active profile set, falling back to default profiles: default
2018-01-19 09:50:14.834 [main] INFO  org.springframework.boot.context.embedded.AnnotationConfigEmbeddedWebApplicationContext [AbstractApplicationContext.java:583] - Refreshing org.springframework.boot.context.embedded.AnnotationConfigEmbeddedWebApplicationContext@23f72d88: startup date [Fri Jan 19 09:50:14 CST 2018]; parent: org.springframework.context.annotation.AnnotationConfigApplicationContext@376a312c
2018-01-19 09:50:15.957 [main] INFO  org.springframework.cloud.context.scope.GenericScope [GenericScope.java:263] - BeanFactory id=0a679863-853d-3220-8cf7-f17e3c689c1f
2018-01-19 09:50:15.988 [main] INFO  org.springframework.beans.factory.annotation.AutowiredAnnotationBeanPostProcessor [AutowiredAnnotationBeanPostProcessor.java:155] - JSR-330 'javax.inject.Inject' annotation found and supported for autowiring
2018-01-19 09:50:16.019 [main] INFO  org.springframework.context.support.PostProcessorRegistrationDelegate$BeanPostProcessorChecker [PostProcessorRegistrationDelegate.java:325] - Bean 'com.zgqb.loan.app.microService.ListService' of type [org.springframework.cloud.netflix.feign.FeignClientFactoryBean] is not eligible for getting processed by all BeanPostProcessors (for example: not eligible for auto-proxying)
2018-01-19 09:50:16.019 [main] INFO  org.springframework.context.support.PostProcessorRegistrationDelegate$BeanPostProcessorChecker [PostProcessorRegistrationDelegate.java:325] - Bean 'com.zgqb.loan.app.microService.LoanCoreService' of type [org.springframework.cloud.netflix.feign.FeignClientFactoryBean] is not eligible for getting processed by all BeanPostProcessors (for example: not eligible for auto-proxying)
2018-01-19 09:50:16.019 [main] INFO  org.springframework.context.support.PostProcessorRegistrationDelegate$BeanPostProcessorChecker [PostProcessorRegistrationDelegate.java:325] - Bean 'com.zgqb.loan.app.microService.LoanCoreTaskService' of type [org.springframework.cloud.netflix.feign.FeignClientFactoryBean] is not eligible for getting processed by all BeanPostProcessors (for example: not eligible for auto-proxying)
2018-01-19 09:50:16.019 [main] INFO  org.springframework.context.support.PostProcessorRegistrationDelegate$BeanPostProcessorChecker [PostProcessorRegistrationDelegate.java:325] - Bean 'com.zgqb.loan.app.microService.LoanThirdService' of type [org.springframework.cloud.netflix.feign.FeignClientFactoryBean] is not eligible for getting processed by all BeanPostProcessors (for example: not eligible for auto-proxying)
2018-01-19 09:50:16.082 [main] INFO  org.springframework.context.support.PostProcessorRegistrationDelegate$BeanPostProcessorChecker [PostProcessorRegistrationDelegate.java:325] - Bean 'org.springframework.amqp.rabbit.annotation.RabbitBootstrapConfiguration' of type [org.springframework.amqp.rabbit.annotation.RabbitBootstrapConfiguration$$EnhancerBySpringCGLIB$$5c801b05] is not eligible for getting processed by all BeanPostProcessors (for example: not eligible for auto-proxying)
2018-01-19 09:50:16.175 [main] INFO  org.springframework.context.support.PostProcessorRegistrationDelegate$BeanPostProcessorChecker [PostProcessorRegistrationDelegate.java:325] - Bean 'org.springframework.cloud.netflix.metrics.MetricsInterceptorConfiguration$MetricsRestTemplateConfiguration' of type [org.springframework.cloud.netflix.metrics.MetricsInterceptorConfiguration$MetricsRestTemplateConfiguration$$EnhancerBySpringCGLIB$$c8410318] is not eligible for getting processed by all BeanPostProcessors (for example: not eligible for auto-proxying)
2018-01-19 09:50:16.300 [main] INFO  org.springframework.context.support.PostProcessorRegistrationDelegate$BeanPostProcessorChecker [PostProcessorRegistrationDelegate.java:325] - Bean 'org.springframework.cloud.autoconfigure.ConfigurationPropertiesRebinderAutoConfiguration' of type [org.springframework.cloud.autoconfigure.ConfigurationPropertiesRebinderAutoConfiguration$$EnhancerBySpringCGLIB$$b22e5fd4] is not eligible for getting processed by all BeanPostProcessors (for example: not eligible for auto-proxying)
2018-01-19 09:50:16.737 [main] INFO  org.springframework.boot.context.embedded.tomcat.TomcatEmbeddedServletContainer [TomcatEmbeddedServletContainer.java:89] - Tomcat initialized with port(s): 8080 (http)
2018-01-19 09:50:16.752 [main] INFO  org.apache.catalina.core.StandardService [DirectJDKLog.java:179] - Starting service [Tomcat]
2018-01-19 09:50:16.752 [main] INFO  org.apache.catalina.core.StandardEngine [DirectJDKLog.java:179] - Starting Servlet Engine: Apache Tomcat/8.5.16
2018-01-19 09:50:16.877 [localhost-startStop-1] INFO  org.apache.catalina.core.ContainerBase.[Tomcat].[localhost].[/] [DirectJDKLog.java:179] - Initializing Spring embedded WebApplicationContext
2018-01-19 09:50:16.877 [localhost-startStop-1] INFO  org.springframework.web.context.ContextLoader [EmbeddedWebApplicationContext.java:276] - Root WebApplicationContext: initialization completed in 2043 ms
2018-01-19 09:50:17.314 [localhost-startStop-1] INFO  org.springframework.boot.web.servlet.ServletRegistrationBean [ServletRegistrationBean.java:190] - Mapping servlet: 'proxyStreamServlet' to [/proxy.stream]
2018-01-19 09:50:17.314 [localhost-startStop-1] INFO  org.springframework.boot.web.servlet.ServletRegistrationBean [ServletRegistrationBean.java:190] - Mapping servlet: 'dispatcherServlet' to [/]
2018-01-19 09:50:17.330 [localhost-startStop-1] INFO  org.springframework.boot.web.servlet.FilterRegistrationBean [AbstractFilterRegistrationBean.java:258] - Mapping filter: 'metricsFilter' to: [/*]
2018-01-19 09:50:17.330 [localhost-startStop-1] INFO  org.springframework.boot.web.servlet.FilterRegistrationBean [AbstractFilterRegistrationBean.java:258] - Mapping filter: 'characterEncodingFilter' to: [/*]
2018-01-19 09:50:17.330 [localhost-startStop-1] INFO  org.springframework.boot.web.servlet.FilterRegistrationBean [AbstractFilterRegistrationBean.java:258] - Mapping filter: 'hiddenHttpMethodFilter' to: [/*]
2018-01-19 09:50:17.330 [localhost-startStop-1] INFO  org.springframework.boot.web.servlet.FilterRegistrationBean [AbstractFilterRegistrationBean.java:258] - Mapping filter: 'httpPutFormContentFilter' to: [/*]
2018-01-19 09:50:17.330 [localhost-startStop-1] INFO  org.springframework.boot.web.servlet.FilterRegistrationBean [AbstractFilterRegistrationBean.java:258] - Mapping filter: 'requestContextFilter' to: [/*]
2018-01-19 09:50:17.330 [localhost-startStop-1] INFO  org.springframework.boot.web.servlet.FilterRegistrationBean [AbstractFilterRegistrationBean.java:258] - Mapping filter: 'webRequestLoggingFilter' to: [/*]
2018-01-19 09:50:17.330 [localhost-startStop-1] INFO  org.springframework.boot.web.servlet.FilterRegistrationBean [AbstractFilterRegistrationBean.java:258] - Mapping filter: 'applicationContextIdFilter' to: [/*]
2018-01-19 09:50:17.408 [main] WARN  org.springframework.boot.context.embedded.AnnotationConfigEmbeddedWebApplicationContext [AbstractApplicationContext.java:551] - Exception encountered during context initialization - cancelling refresh attempt: org.springframework.beans.factory.UnsatisfiedDependencyException: Error creating bean with name 'performanceAop': Unsatisfied dependency expressed through field 'apiStatisticsNumRepository'; nested exception is org.springframework.beans.factory.NoSuchBeanDefinitionException: No qualifying bean of type 'com.zgqb.loan.app.repository.mysql.ApiStatisticsNumRepository' available: expected at least 1 bean which qualifies as autowire candidate. Dependency annotations: {@org.springframework.beans.factory.annotation.Autowired(required=true)}
2018-01-19 09:50:17.408 [main] INFO  org.apache.catalina.core.StandardService [DirectJDKLog.java:179] - Stopping service [Tomcat]
2018-01-19 09:50:17.423 [main] INFO  org.springframework.boot.autoconfigure.logging.AutoConfigurationReportLoggingInitializer [AutoConfigurationReportLoggingInitializer.java:101] - 

Error starting ApplicationContext. To display the auto-configuration report re-run your application with 'debug' enabled.
2018-01-19 09:50:17.735 [main] ERROR org.springframework.boot.diagnostics.LoggingFailureAnalysisReporter [LoggingFailureAnalysisReporter.java:42] - 

***************************
APPLICATION FAILED TO START
***************************

Description:

Field apiStatisticsNumRepository in com.zgqb.loan.app.aop.PerformanceAop required a bean of type 'com.zgqb.loan.app.repository.mysql.ApiStatisticsNumRepository' that could not be found.


Action:

Consider defining a bean of type 'com.zgqb.loan.app.repository.mysql.ApiStatisticsNumRepository' in your configuration.

